Connecting to database specified by database.yml
  [1m[36m (0.4ms)[0m  [1mselect sqlite_version(*)[0m
  [1m[35m (59.2ms)[0m  CREATE TABLE "schema_migrations" ("version" varchar(255) NOT NULL) 
  [1m[36m (33.5ms)[0m  [1mCREATE UNIQUE INDEX "unique_schema_migrations" ON "schema_migrations" ("version")[0m
  [1m[35m (28.5ms)[0m  SELECT "schema_migrations"."version" FROM "schema_migrations" 
Migrating to CreateMovies (20111119180638)
  [1m[36m (0.4ms)[0m  [1mbegin transaction[0m
  [1m[35m (3.9ms)[0m  CREATE TABLE "movies" ("id" INTEGER PRIMARY KEY AUTOINCREMENT NOT NULL, "title" varchar(255), "rating" varchar(255), "description" text, "release_date" datetime, "created_at" datetime NOT NULL, "updated_at" datetime NOT NULL) 
  [1m[36m (2.2ms)[0m  [1mINSERT INTO "schema_migrations" ("version") VALUES ('20111119180638')[0m
  [1m[35m (56.3ms)[0m  commit transaction
  [1m[36m (2.2ms)[0m  [1mSELECT "schema_migrations"."version" FROM "schema_migrations" [0m
Connecting to database specified by database.yml
  [1m[36m (30.8ms)[0m  [1mSELECT "schema_migrations"."version" FROM "schema_migrations" [0m
  [1m[35m (0.2ms)[0m  begin transaction
  [1m[36mSQL (32.4ms)[0m  [1mINSERT INTO "movies" ("created_at", "description", "rating", "release_date", "title", "updated_at") VALUES (?, ?, ?, ?, ?, ?)[0m  [["created_at", Fri, 20 Mar 2015 18:04:35 UTC +00:00], ["description", nil], ["rating", "G"], ["release_date", Wed, 25 Nov 1992 00:00:00 UTC +00:00], ["title", "Aladdin"], ["updated_at", Fri, 20 Mar 2015 18:04:35 UTC +00:00]]
  [1m[35m (51.6ms)[0m  commit transaction
  [1m[36m (0.2ms)[0m  [1mbegin transaction[0m
  [1m[35mSQL (3.1ms)[0m  INSERT INTO "movies" ("created_at", "description", "rating", "release_date", "title", "updated_at") VALUES (?, ?, ?, ?, ?, ?)  [["created_at", Fri, 20 Mar 2015 18:04:35 UTC +00:00], ["description", nil], ["rating", "R"], ["release_date", Fri, 26 Oct 1984 00:00:00 UTC +00:00], ["title", "The Terminator"], ["updated_at", Fri, 20 Mar 2015 18:04:35 UTC +00:00]]
  [1m[36m (41.0ms)[0m  [1mcommit transaction[0m
  [1m[35m (0.2ms)[0m  begin transaction
  [1m[36mSQL (2.7ms)[0m  [1mINSERT INTO "movies" ("created_at", "description", "rating", "release_date", "title", "updated_at") VALUES (?, ?, ?, ?, ?, ?)[0m  [["created_at", Fri, 20 Mar 2015 18:04:35 UTC +00:00], ["description", nil], ["rating", "R"], ["release_date", Fri, 21 Jul 1989 00:00:00 UTC +00:00], ["title", "When Harry Met Sally"], ["updated_at", Fri, 20 Mar 2015 18:04:35 UTC +00:00]]
  [1m[35m (32.7ms)[0m  commit transaction
  [1m[36m (0.9ms)[0m  [1mbegin transaction[0m
  [1m[35mSQL (3.5ms)[0m  INSERT INTO "movies" ("created_at", "description", "rating", "release_date", "title", "updated_at") VALUES (?, ?, ?, ?, ?, ?)  [["created_at", Fri, 20 Mar 2015 18:04:35 UTC +00:00], ["description", nil], ["rating", "PG-13"], ["release_date", Wed, 10 Aug 2011 00:00:00 UTC +00:00], ["title", "The Help"], ["updated_at", Fri, 20 Mar 2015 18:04:35 UTC +00:00]]
  [1m[36m (30.3ms)[0m  [1mcommit transaction[0m
  [1m[35m (0.4ms)[0m  begin transaction
  [1m[36mSQL (3.2ms)[0m  [1mINSERT INTO "movies" ("created_at", "description", "rating", "release_date", "title", "updated_at") VALUES (?, ?, ?, ?, ?, ?)[0m  [["created_at", Fri, 20 Mar 2015 18:04:35 UTC +00:00], ["description", nil], ["rating", "PG-13"], ["release_date", Fri, 05 Jan 2001 00:00:00 UTC +00:00], ["title", "Chocolat"], ["updated_at", Fri, 20 Mar 2015 18:04:35 UTC +00:00]]
  [1m[35m (33.9ms)[0m  commit transaction
  [1m[36m (0.2ms)[0m  [1mbegin transaction[0m
  [1m[35mSQL (3.4ms)[0m  INSERT INTO "movies" ("created_at", "description", "rating", "release_date", "title", "updated_at") VALUES (?, ?, ?, ?, ?, ?)  [["created_at", Fri, 20 Mar 2015 18:04:35 UTC +00:00], ["description", nil], ["rating", "R"], ["release_date", Wed, 25 Apr 2001 00:00:00 UTC +00:00], ["title", "Amelie"], ["updated_at", Fri, 20 Mar 2015 18:04:35 UTC +00:00]]
  [1m[36m (31.4ms)[0m  [1mcommit transaction[0m
  [1m[35m (0.2ms)[0m  begin transaction
  [1m[36mSQL (3.3ms)[0m  [1mINSERT INTO "movies" ("created_at", "description", "rating", "release_date", "title", "updated_at") VALUES (?, ?, ?, ?, ?, ?)[0m  [["created_at", Fri, 20 Mar 2015 18:04:36 UTC +00:00], ["description", nil], ["rating", "G"], ["release_date", Sat, 06 Apr 1968 00:00:00 UTC +00:00], ["title", "2001: A Space Odyssey"], ["updated_at", Fri, 20 Mar 2015 18:04:36 UTC +00:00]]
  [1m[35m (33.3ms)[0m  commit transaction
  [1m[36m (0.2ms)[0m  [1mbegin transaction[0m
  [1m[35mSQL (3.3ms)[0m  INSERT INTO "movies" ("created_at", "description", "rating", "release_date", "title", "updated_at") VALUES (?, ?, ?, ?, ?, ?)  [["created_at", Fri, 20 Mar 2015 18:04:36 UTC +00:00], ["description", nil], ["rating", "PG"], ["release_date", Fri, 05 Nov 2004 00:00:00 UTC +00:00], ["title", "The Incredibles"], ["updated_at", Fri, 20 Mar 2015 18:04:36 UTC +00:00]]
  [1m[36m (30.2ms)[0m  [1mcommit transaction[0m
  [1m[35m (0.4ms)[0m  begin transaction
  [1m[36mSQL (3.2ms)[0m  [1mINSERT INTO "movies" ("created_at", "description", "rating", "release_date", "title", "updated_at") VALUES (?, ?, ?, ?, ?, ?)[0m  [["created_at", Fri, 20 Mar 2015 18:04:36 UTC +00:00], ["description", nil], ["rating", "PG"], ["release_date", Fri, 12 Jun 1981 00:00:00 UTC +00:00], ["title", "Raiders of the Lost Ark"], ["updated_at", Fri, 20 Mar 2015 18:04:36 UTC +00:00]]
  [1m[35m (30.5ms)[0m  commit transaction
  [1m[36m (0.2ms)[0m  [1mbegin transaction[0m
  [1m[35mSQL (3.9ms)[0m  INSERT INTO "movies" ("created_at", "description", "rating", "release_date", "title", "updated_at") VALUES (?, ?, ?, ?, ?, ?)  [["created_at", Fri, 20 Mar 2015 18:04:36 UTC +00:00], ["description", nil], ["rating", "G"], ["release_date", Wed, 21 Jun 2000 00:00:00 UTC +00:00], ["title", "Chicken Run"], ["updated_at", Fri, 20 Mar 2015 18:04:36 UTC +00:00]]
  [1m[36m (30.6ms)[0m  [1mcommit transaction[0m


Started GET "/assets/rails.png" for 127.0.0.1 at 2015-03-20 15:06:12 -0300
Connecting to database specified by database.yml
Served asset /rails.png - 304 Not Modified (143ms)


Started GET "/movies" for 127.0.0.1 at 2015-03-20 15:06:22 -0300
Processing by MoviesController#index as HTML
  [1m[36mMovie Load (27.6ms)[0m  [1mSELECT "movies".* FROM "movies" [0m
  Rendered movies/index.html.haml within layouts/application (514.3ms)
Compiled application.css  (8ms)  (pid 17245)
Compiled jquery.js  (24ms)  (pid 17245)
Compiled jquery_ujs.js  (1ms)  (pid 17245)
Compiled application.js  (584ms)  (pid 17245)
Completed 200 OK in 3925.8ms (Views: 2897.9ms | ActiveRecord: 111.5ms)


Started GET "/assets/application.css?body=1" for 127.0.0.1 at 2015-03-20 15:06:27 -0300
Served asset /application.css - 200 OK (125ms)


Started GET "/assets/jquery.js?body=1" for 127.0.0.1 at 2015-03-20 15:06:28 -0300
Served asset /jquery.js - 200 OK (241ms)


Started GET "/assets/jquery_ujs.js?body=1" for 127.0.0.1 at 2015-03-20 15:06:28 -0300
Served asset /jquery_ujs.js - 200 OK (66ms)


Started GET "/assets/application.js?body=1" for 127.0.0.1 at 2015-03-20 15:06:28 -0300
Served asset /application.js - 200 OK (295ms)


Started GET "/movies" for 127.0.0.1 at 2015-03-20 15:17:07 -0300
Connecting to database specified by database.yml
Processing by MoviesController#index as HTML
  [1m[36mMovie Load (1.7ms)[0m  [1mSELECT "movies".* FROM "movies" [0m
  Rendered movies/index.html.haml within layouts/application (160.5ms)
Completed 200 OK in 3199.9ms (Views: 1587.8ms | ActiveRecord: 177.2ms)


Started GET "/movies" for 127.0.0.1 at 2015-03-20 15:18:46 -0300
Connecting to database specified by database.yml
Processing by MoviesController#index as HTML
  [1m[36mMovie Load (11.2ms)[0m  [1mSELECT "movies".* FROM "movies" [0m
  Rendered movies/index.html.haml within layouts/application (365.3ms)
Completed 200 OK in 2499.5ms (Views: 1553.7ms | ActiveRecord: 102.1ms)


Started GET "/assets/application.css?body=1" for 127.0.0.1 at 2015-03-20 15:19:00 -0300
Served asset /application.css - 304 Not Modified (83ms)


Started GET "/assets/jquery.js?body=1" for 127.0.0.1 at 2015-03-20 15:19:00 -0300
Served asset /jquery.js - 304 Not Modified (109ms)


Started GET "/assets/jquery_ujs.js?body=1" for 127.0.0.1 at 2015-03-20 15:19:00 -0300
Served asset /jquery_ujs.js - 304 Not Modified (144ms)


Started GET "/assets/application.js?body=1" for 127.0.0.1 at 2015-03-20 15:19:01 -0300
Served asset /application.js - 304 Not Modified (195ms)


Started GET "/movies" for 127.0.0.1 at 2015-03-20 15:34:16 -0300
Connecting to database specified by database.yml
Processing by MoviesController#index as HTML
  [1m[36mMovie Load (2.6ms)[0m  [1mSELECT "movies".* FROM "movies" [0m
  Rendered movies/index.html.haml within layouts/application (184.9ms)
Completed 200 OK in 2604.1ms (Views: 1649.7ms | ActiveRecord: 186.9ms)


Started GET "/assets/application.css?body=1" for 127.0.0.1 at 2015-03-20 15:34:29 -0300
Served asset /application.css - 304 Not Modified (101ms)


Started GET "/assets/jquery.js?body=1" for 127.0.0.1 at 2015-03-20 15:34:29 -0300
Served asset /jquery.js - 304 Not Modified (181ms)


Started GET "/assets/application.js?body=1" for 127.0.0.1 at 2015-03-20 15:34:29 -0300
Served asset /application.js - 304 Not Modified (123ms)


Started GET "/assets/jquery_ujs.js?body=1" for 127.0.0.1 at 2015-03-20 15:34:29 -0300
Served asset /jquery_ujs.js - 304 Not Modified (95ms)


Started GET "/movies" for 127.0.0.1 at 2015-03-20 15:40:55 -0300
Connecting to database specified by database.yml
Processing by MoviesController#index as HTML
  [1m[36mMovie Load (1.7ms)[0m  [1mSELECT "movies".* FROM "movies" WHERE 1=0[0m
  Rendered movies/index.html.haml within layouts/application (87.3ms)
Completed 200 OK in 1865.8ms (Views: 1175.5ms | ActiveRecord: 91.2ms)


Started GET "/assets/application.css?body=1" for 127.0.0.1 at 2015-03-20 15:41:06 -0300
Served asset /application.css - 304 Not Modified (59ms)


Started GET "/assets/jquery.js?body=1" for 127.0.0.1 at 2015-03-20 15:41:07 -0300
Served asset /jquery.js - 304 Not Modified (94ms)


Started GET "/assets/jquery_ujs.js?body=1" for 127.0.0.1 at 2015-03-20 15:41:07 -0300
Served asset /jquery_ujs.js - 304 Not Modified (114ms)


Started GET "/assets/application.js?body=1" for 127.0.0.1 at 2015-03-20 15:41:07 -0300
Served asset /application.js - 304 Not Modified (117ms)


Started GET "/movies" for 127.0.0.1 at 2015-03-20 15:46:37 -0300
Connecting to database specified by database.yml
Processing by MoviesController#index as HTML
  [1m[36mMovie Load (0.3ms)[0m  [1mSELECT "movies".* FROM "movies" WHERE 1=0[0m
  Rendered movies/index.html.haml within layouts/application (78.0ms)
Completed 200 OK in 1962.8ms (Views: 1143.9ms | ActiveRecord: 102.9ms)


Started GET "/assets/application.css?body=1" for 127.0.0.1 at 2015-03-20 15:46:47 -0300
Served asset /application.css - 304 Not Modified (51ms)


Started GET "/assets/jquery.js?body=1" for 127.0.0.1 at 2015-03-20 15:46:47 -0300
Served asset /jquery.js - 304 Not Modified (110ms)


Started GET "/assets/application.js?body=1" for 127.0.0.1 at 2015-03-20 15:46:47 -0300
Served asset /application.js - 304 Not Modified (141ms)


Started GET "/assets/jquery_ujs.js?body=1" for 127.0.0.1 at 2015-03-20 15:46:47 -0300
Served asset /jquery_ujs.js - 304 Not Modified (51ms)


Started GET "/movies" for 127.0.0.1 at 2015-03-20 15:52:46 -0300
Connecting to database specified by database.yml
Processing by MoviesController#index as HTML
  [1m[36mMovie Load (4.4ms)[0m  [1mSELECT "movies".* FROM "movies" WHERE 1=0[0m
  Rendered movies/index.html.haml within layouts/application (96.4ms)
Completed 200 OK in 1850.7ms (Views: 1118.3ms | ActiveRecord: 72.6ms)


Started GET "/assets/application.css?body=1" for 127.0.0.1 at 2015-03-20 15:52:56 -0300
Served asset /application.css - 304 Not Modified (162ms)


Started GET "/assets/jquery.js?body=1" for 127.0.0.1 at 2015-03-20 15:52:56 -0300
Served asset /jquery.js - 304 Not Modified (147ms)


Started GET "/assets/application.js?body=1" for 127.0.0.1 at 2015-03-20 15:52:56 -0300
Served asset /application.js - 304 Not Modified (241ms)


Started GET "/assets/jquery_ujs.js?body=1" for 127.0.0.1 at 2015-03-20 15:52:57 -0300
Served asset /jquery_ujs.js - 304 Not Modified (69ms)


Started GET "/movies?utf8=%E2%9C%93&ratings%5BG%5D=1&ratings%5BPG%5D=1&ratings%5BPG-13%5D=1&ratings%5BNC-17%5D=1&ratings%5BR%5D=1&commit=Refresh" for 127.0.0.1 at 2015-03-20 15:53:18 -0300
Processing by MoviesController#index as HTML
  Parameters: {"utf8"=>"✓", "ratings"=>{"G"=>"1", "PG"=>"1", "PG-13"=>"1", "NC-17"=>"1", "R"=>"1"}, "commit"=>"Refresh"}
Redirected to http://localhost:3000/movies?ratings%5BG%5D=1&ratings%5BNC-17%5D=1&ratings%5BPG%5D=1&ratings%5BPG-13%5D=1&ratings%5BR%5D=1
Completed 302 Found in 19.4ms (ActiveRecord: 0.0ms)


Started GET "/movies?ratings%5BG%5D=1&ratings%5BNC-17%5D=1&ratings%5BPG%5D=1&ratings%5BPG-13%5D=1&ratings%5BR%5D=1" for 127.0.0.1 at 2015-03-20 15:53:19 -0300
Processing by MoviesController#index as HTML
  Parameters: {"ratings"=>{"G"=>"1", "NC-17"=>"1", "PG"=>"1", "PG-13"=>"1", "R"=>"1"}}
  [1m[35mMovie Load (3.4ms)[0m  SELECT "movies".* FROM "movies" WHERE "movies"."rating" IN ('G', 'NC-17', 'PG', 'PG-13', 'R')
  Rendered movies/index.html.haml within layouts/application (234.8ms)
Completed 200 OK in 558.5ms (Views: 370.1ms | ActiveRecord: 3.4ms)


Started GET "/assets/application.css?body=1" for 127.0.0.1 at 2015-03-20 15:53:20 -0300
Served asset /application.css - 304 Not Modified (29ms)


Started GET "/assets/jquery.js?body=1" for 127.0.0.1 at 2015-03-20 15:53:20 -0300
Served asset /jquery.js - 304 Not Modified (65ms)


Started GET "/assets/jquery_ujs.js?body=1" for 127.0.0.1 at 2015-03-20 15:53:20 -0300
Served asset /jquery_ujs.js - 304 Not Modified (19ms)


Started GET "/assets/application.js?body=1" for 127.0.0.1 at 2015-03-20 15:53:20 -0300
Served asset /application.js - 304 Not Modified (35ms)


Started GET "/movies?ratings%5BG%5D=1&ratings%5BNC-17%5D=1&ratings%5BPG%5D=1&ratings%5BPG-13%5D=1&ratings%5BR%5D=1&sort=title" for 127.0.0.1 at 2015-03-20 15:53:30 -0300
Processing by MoviesController#index as HTML
  Parameters: {"ratings"=>{"G"=>"1", "NC-17"=>"1", "PG"=>"1", "PG-13"=>"1", "R"=>"1"}, "sort"=>"title"}
Redirected to http://localhost:3000/movies?ratings%5BG%5D=1&ratings%5BNC-17%5D=1&ratings%5BPG%5D=1&ratings%5BPG-13%5D=1&ratings%5BR%5D=1&sort=title
Completed 302 Found in 19.8ms (ActiveRecord: 0.0ms)


Started GET "/movies?ratings%5BG%5D=1&ratings%5BNC-17%5D=1&ratings%5BPG%5D=1&ratings%5BPG-13%5D=1&ratings%5BR%5D=1&sort=title" for 127.0.0.1 at 2015-03-20 15:53:31 -0300
Processing by MoviesController#index as HTML
  Parameters: {"ratings"=>{"G"=>"1", "NC-17"=>"1", "PG"=>"1", "PG-13"=>"1", "R"=>"1"}, "sort"=>"title"}
  [1m[36mMovie Load (11.1ms)[0m  [1mSELECT "movies".* FROM "movies" WHERE "movies"."rating" IN ('G', 'NC-17', 'PG', 'PG-13', 'R') ORDER BY title[0m
  Rendered movies/index.html.haml within layouts/application (77.6ms)
Completed 200 OK in 217.7ms (Views: 181.1ms | ActiveRecord: 11.1ms)


Started GET "/assets/application.css?body=1" for 127.0.0.1 at 2015-03-20 15:53:32 -0300
Served asset /application.css - 304 Not Modified (33ms)


Started GET "/assets/jquery.js?body=1" for 127.0.0.1 at 2015-03-20 15:53:32 -0300
Served asset /jquery.js - 304 Not Modified (113ms)


Started GET "/assets/application.js?body=1" for 127.0.0.1 at 2015-03-20 15:53:32 -0300
Served asset /application.js - 304 Not Modified (44ms)


Started GET "/assets/jquery_ujs.js?body=1" for 127.0.0.1 at 2015-03-20 15:53:32 -0300
Served asset /jquery_ujs.js - 304 Not Modified (33ms)


Started GET "/movies" for 127.0.0.1 at 2015-03-20 15:58:50 -0300
Connecting to database specified by database.yml
Processing by MoviesController#index as HTML
Redirected to http://localhost:3000/movies?ratings%5BG%5D=1&ratings%5BNC-17%5D=1&ratings%5BPG%5D=1&ratings%5BPG-13%5D=1&ratings%5BR%5D=1&sort=title
Completed 302 Found in 16.5ms (ActiveRecord: 0.0ms)


Started GET "/movies?ratings%5BG%5D=1&ratings%5BNC-17%5D=1&ratings%5BPG%5D=1&ratings%5BPG-13%5D=1&ratings%5BR%5D=1&sort=title" for 127.0.0.1 at 2015-03-20 15:58:58 -0300
Processing by MoviesController#index as HTML
  Parameters: {"ratings"=>{"G"=>"1", "NC-17"=>"1", "PG"=>"1", "PG-13"=>"1", "R"=>"1"}, "sort"=>"title"}
  [1m[36mMovie Load (11.0ms)[0m  [1mSELECT "movies".* FROM "movies" WHERE "movies"."rating" IN ('G', 'NC-17', 'PG', 'PG-13', 'R') ORDER BY title[0m
  Rendered movies/index.html.haml within layouts/application (284.8ms)
Completed 200 OK in 2146.9ms (Views: 1323.1ms | ActiveRecord: 83.6ms)


Started GET "/assets/application.css?body=1" for 127.0.0.1 at 2015-03-20 15:59:01 -0300
Served asset /application.css - 304 Not Modified (119ms)


Started GET "/assets/jquery_ujs.js?body=1" for 127.0.0.1 at 2015-03-20 15:59:01 -0300
Served asset /jquery_ujs.js - 304 Not Modified (71ms)


Started GET "/assets/jquery.js?body=1" for 127.0.0.1 at 2015-03-20 15:59:02 -0300
Served asset /jquery.js - 304 Not Modified (218ms)


Started GET "/assets/application.js?body=1" for 127.0.0.1 at 2015-03-20 15:59:02 -0300
Served asset /application.js - 304 Not Modified (162ms)


Started GET "/movies?ratings%5BG%5D=1&ratings%5BNC-17%5D=1&ratings%5BPG%5D=1&ratings%5BPG-13%5D=1&ratings%5BR%5D=1&sort=title" for 127.0.0.1 at 2015-03-20 15:59:15 -0300
Processing by MoviesController#index as HTML
  Parameters: {"ratings"=>{"G"=>"1", "NC-17"=>"1", "PG"=>"1", "PG-13"=>"1", "R"=>"1"}, "sort"=>"title"}
  [1m[35mMovie Load (1.4ms)[0m  SELECT "movies".* FROM "movies" WHERE "movies"."rating" IN ('G', 'NC-17', 'PG', 'PG-13', 'R') ORDER BY title
  Rendered movies/index.html.haml within layouts/application (52.1ms)
Completed 200 OK in 176.7ms (Views: 143.3ms | ActiveRecord: 1.4ms)


Started GET "/assets/application.css?body=1" for 127.0.0.1 at 2015-03-20 15:59:16 -0300
Served asset /application.css - 304 Not Modified (15ms)


Started GET "/assets/jquery.js?body=1" for 127.0.0.1 at 2015-03-20 15:59:16 -0300
Served asset /jquery.js - 304 Not Modified (48ms)


Started GET "/assets/application.js?body=1" for 127.0.0.1 at 2015-03-20 15:59:16 -0300
Served asset /application.js - 304 Not Modified (29ms)


Started GET "/assets/jquery_ujs.js?body=1" for 127.0.0.1 at 2015-03-20 15:59:16 -0300
Served asset /jquery_ujs.js - 304 Not Modified (20ms)


Started GET "/assets/rails.png" for 127.0.0.1 at 2015-03-20 15:59:56 -0300
Served asset /rails.png - 304 Not Modified (53ms)


Started GET "/movies" for 127.0.0.1 at 2015-03-20 16:00:03 -0300
Processing by MoviesController#index as HTML
Redirected to http://localhost:3000/movies?ratings%5BG%5D=1&ratings%5BNC-17%5D=1&ratings%5BPG%5D=1&ratings%5BPG-13%5D=1&ratings%5BR%5D=1&sort=title
Completed 302 Found in 2.6ms (ActiveRecord: 0.0ms)


Started GET "/movies?ratings%5BG%5D=1&ratings%5BNC-17%5D=1&ratings%5BPG%5D=1&ratings%5BPG-13%5D=1&ratings%5BR%5D=1&sort=title" for 127.0.0.1 at 2015-03-20 16:00:03 -0300
Processing by MoviesController#index as HTML
  Parameters: {"ratings"=>{"G"=>"1", "NC-17"=>"1", "PG"=>"1", "PG-13"=>"1", "R"=>"1"}, "sort"=>"title"}
  [1m[36mMovie Load (2.9ms)[0m  [1mSELECT "movies".* FROM "movies" WHERE "movies"."rating" IN ('G', 'NC-17', 'PG', 'PG-13', 'R') ORDER BY title[0m
  Rendered movies/index.html.haml within layouts/application (64.1ms)
Completed 200 OK in 144.9ms (Views: 130.7ms | ActiveRecord: 2.9ms)


Started GET "/assets/application.css?body=1" for 127.0.0.1 at 2015-03-20 16:00:04 -0300
Served asset /application.css - 304 Not Modified (56ms)


Started GET "/assets/jquery.js?body=1" for 127.0.0.1 at 2015-03-20 16:00:04 -0300
Served asset /jquery.js - 304 Not Modified (59ms)


Started GET "/assets/jquery_ujs.js?body=1" for 127.0.0.1 at 2015-03-20 16:00:04 -0300
Served asset /jquery_ujs.js - 304 Not Modified (22ms)


Started GET "/assets/application.js?body=1" for 127.0.0.1 at 2015-03-20 16:00:04 -0300
Served asset /application.js - 304 Not Modified (50ms)


Started GET "/movies?utf8=%E2%9C%93&title_sort=true&ratings%5BNC-17%5D=2&ratings%5BR%5D=2&commit=Refresh" for 127.0.0.1 at 2015-03-20 16:00:16 -0300
Processing by MoviesController#index as HTML
  Parameters: {"utf8"=>"✓", "title_sort"=>"true", "ratings"=>{"NC-17"=>"2", "R"=>"2"}, "commit"=>"Refresh"}
Redirected to http://localhost:3000/movies?ratings%5BNC-17%5D=2&ratings%5BR%5D=2&sort=title
Completed 302 Found in 2.4ms (ActiveRecord: 0.0ms)


Started GET "/movies?ratings%5BNC-17%5D=2&ratings%5BR%5D=2&sort=title" for 127.0.0.1 at 2015-03-20 16:00:17 -0300
Processing by MoviesController#index as HTML
  Parameters: {"ratings"=>{"NC-17"=>"2", "R"=>"2"}, "sort"=>"title"}
Redirected to http://localhost:3000/movies?ratings%5BNC-17%5D=2&ratings%5BR%5D=2&sort=title
Completed 302 Found in 8.1ms (ActiveRecord: 0.0ms)


Started GET "/movies?ratings%5BNC-17%5D=2&ratings%5BR%5D=2&sort=title" for 127.0.0.1 at 2015-03-20 16:00:17 -0300
Processing by MoviesController#index as HTML
  Parameters: {"ratings"=>{"NC-17"=>"2", "R"=>"2"}, "sort"=>"title"}
  [1m[35mMovie Load (8.6ms)[0m  SELECT "movies".* FROM "movies" WHERE "movies"."rating" IN ('NC-17', 'R') ORDER BY title
  Rendered movies/index.html.haml within layouts/application (52.8ms)
Completed 200 OK in 504.3ms (Views: 459.7ms | ActiveRecord: 8.6ms)


Started GET "/assets/application.css?body=1" for 127.0.0.1 at 2015-03-20 16:00:18 -0300
Served asset /application.css - 304 Not Modified (18ms)


Started GET "/assets/jquery.js?body=1" for 127.0.0.1 at 2015-03-20 16:00:18 -0300
Served asset /jquery.js - 304 Not Modified (26ms)


Started GET "/assets/application.js?body=1" for 127.0.0.1 at 2015-03-20 16:00:18 -0300
Served asset /application.js - 304 Not Modified (41ms)


Started GET "/assets/jquery_ujs.js?body=1" for 127.0.0.1 at 2015-03-20 16:00:18 -0300
Served asset /jquery_ujs.js - 304 Not Modified (21ms)


Started GET "/assets/rails.png" for 127.0.0.1 at 2015-03-20 16:00:29 -0300
Served asset /rails.png - 304 Not Modified (1ms)


Started GET "/movies" for 127.0.0.1 at 2015-03-20 16:00:34 -0300
Processing by MoviesController#index as HTML
Redirected to http://localhost:3000/movies?ratings%5BNC-17%5D=2&ratings%5BR%5D=2&sort=title
Completed 302 Found in 3.6ms (ActiveRecord: 0.0ms)


Started GET "/movies?ratings%5BNC-17%5D=2&ratings%5BR%5D=2&sort=title" for 127.0.0.1 at 2015-03-20 16:00:34 -0300
Processing by MoviesController#index as HTML
  Parameters: {"ratings"=>{"NC-17"=>"2", "R"=>"2"}, "sort"=>"title"}
  [1m[36mMovie Load (11.7ms)[0m  [1mSELECT "movies".* FROM "movies" WHERE "movies"."rating" IN ('NC-17', 'R') ORDER BY title[0m
  Rendered movies/index.html.haml within layouts/application (32.8ms)
Completed 200 OK in 168.9ms (Views: 153.1ms | ActiveRecord: 11.7ms)


Started GET "/assets/application.css?body=1" for 127.0.0.1 at 2015-03-20 16:00:35 -0300
Served asset /application.css - 304 Not Modified (74ms)


Started GET "/assets/jquery.js?body=1" for 127.0.0.1 at 2015-03-20 16:00:35 -0300
Served asset /jquery.js - 304 Not Modified (41ms)


Started GET "/assets/application.js?body=1" for 127.0.0.1 at 2015-03-20 16:00:35 -0300
Served asset /application.js - 304 Not Modified (71ms)


Started GET "/assets/jquery_ujs.js?body=1" for 127.0.0.1 at 2015-03-20 16:00:35 -0300
Served asset /jquery_ujs.js - 304 Not Modified (16ms)


Started GET "/movies?utf8=%E2%9C%93&title_sort=true&ratings%5BG%5D=2&ratings%5BPG%5D=2&ratings%5BPG-13%5D=2&ratings%5BNC-17%5D=2&ratings%5BR%5D=2&commit=Refresh" for 127.0.0.1 at 2015-03-20 16:01:21 -0300
Processing by MoviesController#index as HTML
  Parameters: {"utf8"=>"✓", "title_sort"=>"true", "ratings"=>{"G"=>"2", "PG"=>"2", "PG-13"=>"2", "NC-17"=>"2", "R"=>"2"}, "commit"=>"Refresh"}
Redirected to http://localhost:3000/movies?ratings%5BG%5D=2&ratings%5BNC-17%5D=2&ratings%5BPG%5D=2&ratings%5BPG-13%5D=2&ratings%5BR%5D=2&sort=title
Completed 302 Found in 19.2ms (ActiveRecord: 0.0ms)


Started GET "/movies?ratings%5BG%5D=2&ratings%5BNC-17%5D=2&ratings%5BPG%5D=2&ratings%5BPG-13%5D=2&ratings%5BR%5D=2&sort=title" for 127.0.0.1 at 2015-03-20 16:01:21 -0300
Processing by MoviesController#index as HTML
  Parameters: {"ratings"=>{"G"=>"2", "NC-17"=>"2", "PG"=>"2", "PG-13"=>"2", "R"=>"2"}, "sort"=>"title"}
Redirected to http://localhost:3000/movies?ratings%5BG%5D=2&ratings%5BNC-17%5D=2&ratings%5BPG%5D=2&ratings%5BPG-13%5D=2&ratings%5BR%5D=2&sort=title
Completed 302 Found in 2.9ms (ActiveRecord: 0.0ms)


Started GET "/movies?ratings%5BG%5D=2&ratings%5BNC-17%5D=2&ratings%5BPG%5D=2&ratings%5BPG-13%5D=2&ratings%5BR%5D=2&sort=title" for 127.0.0.1 at 2015-03-20 16:01:21 -0300
Processing by MoviesController#index as HTML
  Parameters: {"ratings"=>{"G"=>"2", "NC-17"=>"2", "PG"=>"2", "PG-13"=>"2", "R"=>"2"}, "sort"=>"title"}
  [1m[35mMovie Load (12.7ms)[0m  SELECT "movies".* FROM "movies" WHERE "movies"."rating" IN ('G', 'NC-17', 'PG', 'PG-13', 'R') ORDER BY title
  Rendered movies/index.html.haml within layouts/application (84.1ms)
Completed 200 OK in 212.2ms (Views: 192.5ms | ActiveRecord: 12.7ms)


Started GET "/assets/application.css?body=1" for 127.0.0.1 at 2015-03-20 16:01:22 -0300
Served asset /application.css - 304 Not Modified (22ms)


Started GET "/assets/jquery.js?body=1" for 127.0.0.1 at 2015-03-20 16:01:22 -0300
Served asset /jquery.js - 304 Not Modified (49ms)


Started GET "/assets/jquery_ujs.js?body=1" for 127.0.0.1 at 2015-03-20 16:01:22 -0300
Served asset /jquery_ujs.js - 304 Not Modified (74ms)


Started GET "/assets/application.js?body=1" for 127.0.0.1 at 2015-03-20 16:01:22 -0300
Served asset /application.js - 304 Not Modified (55ms)


Started GET "/assets/rails.png" for 127.0.0.1 at 2015-03-20 16:03:04 -0300
Connecting to database specified by database.yml
Served asset /rails.png - 304 Not Modified (27ms)


Started GET "/movies" for 127.0.0.1 at 2015-03-20 16:03:11 -0300
Processing by MoviesController#index as HTML
Redirected to http://localhost:3000/movies?ratings%5BG%5D=2&ratings%5BNC-17%5D=2&ratings%5BPG%5D=2&ratings%5BPG-13%5D=2&ratings%5BR%5D=2&sort=title
Completed 302 Found in 18.5ms (ActiveRecord: 0.0ms)


Started GET "/movies?ratings%5BG%5D=2&ratings%5BNC-17%5D=2&ratings%5BPG%5D=2&ratings%5BPG-13%5D=2&ratings%5BR%5D=2&sort=title" for 127.0.0.1 at 2015-03-20 16:03:12 -0300
Processing by MoviesController#index as HTML
  Parameters: {"ratings"=>{"G"=>"2", "NC-17"=>"2", "PG"=>"2", "PG-13"=>"2", "R"=>"2"}, "sort"=>"title"}
  [1m[36mMovie Load (2.7ms)[0m  [1mSELECT "movies".* FROM "movies" WHERE "movies"."rating" IN ('G', 'NC-17', 'PG', 'PG-13', 'R') ORDER BY title[0m
  Rendered movies/index.html.haml within layouts/application (550.6ms)
Completed 200 OK in 2213.0ms (Views: 1338.2ms | ActiveRecord: 76.8ms)


Started GET "/assets/application.css?body=1" for 127.0.0.1 at 2015-03-20 16:03:14 -0300
Served asset /application.css - 304 Not Modified (114ms)


Started GET "/assets/jquery.js?body=1" for 127.0.0.1 at 2015-03-20 16:03:14 -0300
Served asset /jquery.js - 304 Not Modified (221ms)


Started GET "/assets/jquery_ujs.js?body=1" for 127.0.0.1 at 2015-03-20 16:03:15 -0300
Served asset /jquery_ujs.js - 304 Not Modified (75ms)


Started GET "/assets/application.js?body=1" for 127.0.0.1 at 2015-03-20 16:03:15 -0300
Served asset /application.js - 304 Not Modified (157ms)


Started GET "/movies?utf8=%E2%9C%93&title_sort=true&commit=Refresh" for 127.0.0.1 at 2015-03-20 16:03:30 -0300
Processing by MoviesController#index as HTML
  Parameters: {"utf8"=>"✓", "title_sort"=>"true", "commit"=>"Refresh"}
Redirected to http://localhost:3000/movies?ratings%5BG%5D=2&ratings%5BNC-17%5D=2&ratings%5BPG%5D=2&ratings%5BPG-13%5D=2&ratings%5BR%5D=2&sort=title
Completed 302 Found in 22.6ms (ActiveRecord: 0.0ms)


Started GET "/movies?ratings%5BG%5D=2&ratings%5BNC-17%5D=2&ratings%5BPG%5D=2&ratings%5BPG-13%5D=2&ratings%5BR%5D=2&sort=title" for 127.0.0.1 at 2015-03-20 16:03:30 -0300
Processing by MoviesController#index as HTML
  Parameters: {"ratings"=>{"G"=>"2", "NC-17"=>"2", "PG"=>"2", "PG-13"=>"2", "R"=>"2"}, "sort"=>"title"}
  [1m[35mMovie Load (2.6ms)[0m  SELECT "movies".* FROM "movies" WHERE "movies"."rating" IN ('G', 'NC-17', 'PG', 'PG-13', 'R') ORDER BY title
  Rendered movies/index.html.haml within layouts/application (47.0ms)
Completed 200 OK in 200.2ms (Views: 185.7ms | ActiveRecord: 2.6ms)


Started GET "/assets/application.css?body=1" for 127.0.0.1 at 2015-03-20 16:03:31 -0300
Served asset /application.css - 304 Not Modified (26ms)


Started GET "/assets/application.js?body=1" for 127.0.0.1 at 2015-03-20 16:03:31 -0300
Served asset /application.js - 304 Not Modified (48ms)


Started GET "/assets/jquery.js?body=1" for 127.0.0.1 at 2015-03-20 16:03:31 -0300
Served asset /jquery.js - 304 Not Modified (89ms)


Started GET "/assets/jquery_ujs.js?body=1" for 127.0.0.1 at 2015-03-20 16:03:31 -0300
Served asset /jquery_ujs.js - 304 Not Modified (30ms)


Started GET "/movies?utf8=%E2%9C%93&title_sort=true&ratings%5BG%5D=1&ratings%5BPG%5D=1&ratings%5BPG-13%5D=1&commit=Refresh" for 127.0.0.1 at 2015-03-20 16:03:45 -0300
Processing by MoviesController#index as HTML
  Parameters: {"utf8"=>"✓", "title_sort"=>"true", "ratings"=>{"G"=>"1", "PG"=>"1", "PG-13"=>"1"}, "commit"=>"Refresh"}
Redirected to http://localhost:3000/movies?ratings%5BG%5D=1&ratings%5BPG%5D=1&ratings%5BPG-13%5D=1&sort=title
Completed 302 Found in 14.1ms (ActiveRecord: 0.0ms)


Started GET "/movies?ratings%5BG%5D=1&ratings%5BPG%5D=1&ratings%5BPG-13%5D=1&sort=title" for 127.0.0.1 at 2015-03-20 16:03:46 -0300
Processing by MoviesController#index as HTML
  Parameters: {"ratings"=>{"G"=>"1", "PG"=>"1", "PG-13"=>"1"}, "sort"=>"title"}
Redirected to http://localhost:3000/movies?ratings%5BG%5D=1&ratings%5BPG%5D=1&ratings%5BPG-13%5D=1&sort=title
Completed 302 Found in 8.9ms (ActiveRecord: 0.0ms)


Started GET "/movies?ratings%5BG%5D=1&ratings%5BPG%5D=1&ratings%5BPG-13%5D=1&sort=title" for 127.0.0.1 at 2015-03-20 16:03:46 -0300
Processing by MoviesController#index as HTML
  Parameters: {"ratings"=>{"G"=>"1", "PG"=>"1", "PG-13"=>"1"}, "sort"=>"title"}
  [1m[36mMovie Load (1.6ms)[0m  [1mSELECT "movies".* FROM "movies" WHERE "movies"."rating" IN ('G', 'PG', 'PG-13') ORDER BY title[0m
  Rendered movies/index.html.haml within layouts/application (89.8ms)
Completed 200 OK in 236.6ms (Views: 204.6ms | ActiveRecord: 1.6ms)


Started GET "/assets/application.css?body=1" for 127.0.0.1 at 2015-03-20 16:03:47 -0300
Served asset /application.css - 304 Not Modified (28ms)


Started GET "/assets/jquery.js?body=1" for 127.0.0.1 at 2015-03-20 16:03:47 -0300
Served asset /jquery.js - 304 Not Modified (40ms)


Started GET "/assets/jquery_ujs.js?body=1" for 127.0.0.1 at 2015-03-20 16:03:47 -0300
Served asset /jquery_ujs.js - 304 Not Modified (19ms)


Started GET "/assets/application.js?body=1" for 127.0.0.1 at 2015-03-20 16:03:47 -0300
Served asset /application.js - 304 Not Modified (57ms)


Started GET "/movies" for 127.0.0.1 at 2015-03-20 16:05:37 -0300
Connecting to database specified by database.yml
Processing by MoviesController#index as HTML
  [1m[36mMovie Load (4.1ms)[0m  [1mSELECT "movies".* FROM "movies" WHERE 1=0[0m
  Rendered movies/index.html.haml within layouts/application (108.5ms)
Completed 200 OK in 1710.1ms (Views: 1228.0ms | ActiveRecord: 67.5ms)


Started GET "/assets/application.css?body=1" for 127.0.0.1 at 2015-03-20 16:06:00 -0300
Served asset /application.css - 200 OK (37ms)


Started GET "/assets/jquery.js?body=1" for 127.0.0.1 at 2015-03-20 16:06:01 -0300
Served asset /jquery.js - 200 OK (210ms)


Started GET "/assets/jquery_ujs.js?body=1" for 127.0.0.1 at 2015-03-20 16:06:01 -0300
Served asset /jquery_ujs.js - 200 OK (75ms)


Started GET "/assets/application.js?body=1" for 127.0.0.1 at 2015-03-20 16:06:02 -0300
Served asset /application.js - 200 OK (280ms)


Started GET "/movies" for 127.0.0.1 at 2015-03-21 23:24:12 -0300
Connecting to database specified by database.yml
Processing by MoviesController#index as HTML
  [1m[36mMovie Load (4.5ms)[0m  [1mSELECT "movies".* FROM "movies" WHERE 1=0[0m
  Rendered movies/index.html.haml within layouts/application (859.4ms)
Completed 500 Internal Server Error in 2767.3ms

ActionView::Template::Error (undefined method `find_index' for nil:NilClass):
    5:   Include: 
    6:   - @all_ratings.each do |rating|
    7:     = rating
    8:     = check_box_tag "ratings[#{rating}]", 1, ("checked" if @filtered_ratings.find_index(rating))
    9:   = submit_tag 'Refresh', :id => "ratings_submit"
    10: 
    11: %table#movies
  app/views/movies/index.html.haml:8:in `block (2 levels) in _app_views_movies_index_html_haml___225265105__627657798'
  app/views/movies/index.html.haml:6:in `each'
  app/views/movies/index.html.haml:6:in `block in _app_views_movies_index_html_haml___225265105__627657798'
  app/views/movies/index.html.haml:4:in `_app_views_movies_index_html_haml___225265105__627657798'


  Rendered /home/saasbook/.rvm/gems/ruby-1.9.3-p448/gems/actionpack-3.2.18/lib/action_dispatch/middleware/templates/rescues/_trace.erb (13.7ms)
  Rendered /home/saasbook/.rvm/gems/ruby-1.9.3-p448/gems/actionpack-3.2.18/lib/action_dispatch/middleware/templates/rescues/_request_and_response.erb (12.9ms)
  Rendered /home/saasbook/.rvm/gems/ruby-1.9.3-p448/gems/actionpack-3.2.18/lib/action_dispatch/middleware/templates/rescues/template_error.erb within rescues/layout (412.5ms)


Started GET "/movies" for 127.0.0.1 at 2015-03-21 23:28:05 -0300
Connecting to database specified by database.yml
Processing by MoviesController#index as HTML
  [1m[36mMovie Load (0.6ms)[0m  [1mSELECT "movies".* FROM "movies" WHERE 1=0[0m
  Rendered movies/index.html.haml within layouts/application (251.6ms)
Completed 200 OK in 3931.1ms (Views: 2438.7ms | ActiveRecord: 261.8ms)


Started GET "/assets/application.css?body=1" for 127.0.0.1 at 2015-03-21 23:28:27 -0300
Served asset /application.css - 304 Not Modified (46ms)


Started GET "/assets/jquery.js?body=1" for 127.0.0.1 at 2015-03-21 23:28:28 -0300
Served asset /jquery.js - 304 Not Modified (460ms)


Started GET "/assets/jquery_ujs.js?body=1" for 127.0.0.1 at 2015-03-21 23:28:29 -0300
Served asset /jquery_ujs.js - 304 Not Modified (125ms)


Started GET "/assets/application.js?body=1" for 127.0.0.1 at 2015-03-21 23:28:29 -0300
Served asset /application.js - 304 Not Modified (342ms)


Started GET "/movies" for 127.0.0.1 at 2015-03-21 23:31:17 -0300
Connecting to database specified by database.yml
Processing by MoviesController#index as HTML
  [1m[36mMovie Load (0.4ms)[0m  [1mSELECT "movies".* FROM "movies" WHERE 1=0[0m
  Rendered movies/index.html.haml within layouts/application (850.6ms)
Completed 500 Internal Server Error in 2946.1ms

ActionView::Template::Error (undefined method `length' for nil:NilClass):
    5:   Include: 
    6:   - @all_ratings.each do |rating|
    7:     = rating
    8:     = check_box_tag "ratings[#{rating}]", rating, ((@filter_ratings.length == 0) || (@filter_ratings.grep(/^#{rating}$/).length > 0))
    9:   = submit_tag 'Refresh', :id=>"ratings_submit"
    10: 
    11: %table#movies
  app/views/movies/index.html.haml:8:in `block (2 levels) in _app_views_movies_index_html_haml___447783859__628090098'
  app/views/movies/index.html.haml:6:in `each'
  app/views/movies/index.html.haml:6:in `block in _app_views_movies_index_html_haml___447783859__628090098'
  app/views/movies/index.html.haml:4:in `_app_views_movies_index_html_haml___447783859__628090098'


  Rendered /home/saasbook/.rvm/gems/ruby-1.9.3-p448/gems/actionpack-3.2.18/lib/action_dispatch/middleware/templates/rescues/_trace.erb (10.0ms)
  Rendered /home/saasbook/.rvm/gems/ruby-1.9.3-p448/gems/actionpack-3.2.18/lib/action_dispatch/middleware/templates/rescues/_request_and_response.erb (21.1ms)
  Rendered /home/saasbook/.rvm/gems/ruby-1.9.3-p448/gems/actionpack-3.2.18/lib/action_dispatch/middleware/templates/rescues/template_error.erb within rescues/layout (384.3ms)
